This file contains any messages produced by compilers while
running configure, to aid debugging if configure makes a mistake.

It was created by libsecp256k1 configure 0.1, which was
generated by GNU Autoconf 2.69.  Invocation command line was

  $ ./configure --enable-static --disable-shared

## --------- ##
## Platform. ##
## --------- ##

hostname = Macbook.spo.virtua.com.br
uname -m = x86_64
uname -r = 16.7.0
uname -s = Darwin
uname -v = Darwin Kernel Version 16.7.0: Wed Oct  4 00:17:00 PDT 2017; root:xnu-3789.71.6~1/RELEASE_X86_64

/usr/bin/uname -p = i386
/bin/uname -X     = unknown

/bin/arch              = unknown
/usr/bin/arch -k       = unknown
/usr/convex/getsysinfo = unknown
/usr/bin/hostinfo      = Mach kernel version:
	 Darwin Kernel Version 16.7.0: Wed Oct  4 00:17:00 PDT 2017; root:xnu-3789.71.6~1/RELEASE_X86_64
Kernel configured for up to 8 processors.
4 processors are physically available.
8 processors are logically available.
Processor type: x86_64h (Intel x86-64h Haswell)
Processors active: 0 1 2 3 4 5 6 7
Primary memory available: 16.00 gigabytes
Default processor set: 379 tasks, 2044 threads, 8 processors
Load average: 2.25, Mach factor: 5.75
/bin/machine           = unknown
/usr/bin/oslevel       = unknown
/bin/universe          = unknown

PATH: /opt/local/bin
PATH: /opt/local/sbin
PATH: /opt/local/libexec/qt5/bin
PATH: /usr/local/sbin
PATH: /usr/local/bin
PATH: /usr/bin
PATH: /bin
PATH: /usr/sbin
PATH: /sbin
PATH: /opt/X11/bin
PATH: /usr/local/share/dotnet
PATH: /opt/Ghostscript/bin
PATH: /opt/ImageMagick/bin
PATH: /Library/Frameworks/Mono.framework/Versions/Current/Commands


## ----------- ##
## Core tests. ##
## ----------- ##

configure:2246: checking build system type
configure:2260: result: x86_64-apple-darwin16.7.0
configure:2280: checking host system type
configure:2293: result: x86_64-apple-darwin16.7.0
configure:2332: checking for a BSD-compatible install
configure:2400: result: /opt/local/bin/ginstall -c
configure:2411: checking whether build environment is sane
configure:2466: result: yes
configure:2617: checking for a thread-safe mkdir -p
configure:2656: result: /opt/local/bin/gmkdir -p
configure:2663: checking for gawk
configure:2693: result: no
configure:2663: checking for mawk
configure:2693: result: no
configure:2663: checking for nawk
configure:2693: result: no
configure:2663: checking for awk
configure:2679: found /usr/bin/awk
configure:2690: result: awk
configure:2701: checking whether make sets $(MAKE)
configure:2723: result: yes
configure:2752: checking whether make supports nested variables
configure:2769: result: yes
configure:2941: checking how to print strings
configure:2968: result: printf
configure:3001: checking for style of include used by make
configure:3029: result: GNU
configure:3100: checking for gcc
configure:3116: found /usr/bin/gcc
configure:3127: result: gcc
configure:3356: checking for C compiler version
configure:3365: gcc --version >&5
Apple LLVM version 9.0.0 (clang-900.0.39.2)
Target: x86_64-apple-darwin16.7.0
Thread model: posix
InstalledDir: /Applications/Xcode.app/Contents/Developer/Toolchains/XcodeDefault.xctoolchain/usr/bin
Configured with: --prefix=/Applications/Xcode.app/Contents/Developer/usr --with-gxx-include-dir=/usr/include/c++/4.2.1
configure:3376: $? = 0
configure:3365: gcc -v >&5
Configured with: --prefix=/Applications/Xcode.app/Contents/Developer/usr --with-gxx-include-dir=/usr/include/c++/4.2.1
Apple LLVM version 9.0.0 (clang-900.0.39.2)
Target: x86_64-apple-darwin16.7.0
Thread model: posix
InstalledDir: /Applications/Xcode.app/Contents/Developer/Toolchains/XcodeDefault.xctoolchain/usr/bin
configure:3376: $? = 0
configure:3365: gcc -V >&5
clang: error: argument to '-V' is missing (expected 1 value)
clang: error: no input files
configure:3376: $? = 1
configure:3365: gcc -qversion >&5
clang: error: unknown argument: '-qversion'
clang: error: no input files
configure:3376: $? = 1
configure:3396: checking whether the C compiler works
configure:3418: gcc    conftest.c  >&5
configure:3422: $? = 0
configure:3470: result: yes
configure:3473: checking for C compiler default output file name
configure:3475: result: a.out
configure:3481: checking for suffix of executables
configure:3488: gcc -o conftest    conftest.c  >&5
configure:3492: $? = 0
configure:3514: result: 
configure:3536: checking whether we are cross compiling
configure:3544: gcc -o conftest    conftest.c  >&5
configure:3548: $? = 0
configure:3555: ./conftest
configure:3559: $? = 0
configure:3574: result: no
configure:3579: checking for suffix of object files
configure:3601: gcc -c   conftest.c >&5
configure:3605: $? = 0
configure:3626: result: o
configure:3630: checking whether we are using the GNU C compiler
configure:3649: gcc -c   conftest.c >&5
configure:3649: $? = 0
configure:3658: result: yes
configure:3667: checking whether gcc accepts -g
configure:3687: gcc -c -g  conftest.c >&5
configure:3687: $? = 0
configure:3728: result: yes
configure:3745: checking for gcc option to accept ISO C89
configure:3808: gcc  -c -g -O2  conftest.c >&5
configure:3808: $? = 0
configure:3821: result: none needed
configure:3846: checking whether gcc understands -c and -o together
configure:3868: gcc -c conftest.c -o conftest2.o
configure:3871: $? = 0
configure:3868: gcc -c conftest.c -o conftest2.o
configure:3871: $? = 0
configure:3883: result: yes
configure:3902: checking dependency style of gcc
configure:4013: result: gcc3
configure:4028: checking for a sed that does not truncate output
configure:4092: result: /opt/local/bin/gsed
configure:4110: checking for grep that handles long lines and -e
configure:4168: result: /usr/bin/grep
configure:4173: checking for egrep
configure:4235: result: /usr/bin/grep -E
configure:4240: checking for fgrep
configure:4302: result: /usr/bin/grep -F
configure:4337: checking for ld used by gcc
configure:4404: result: /Applications/Xcode.app/Contents/Developer/Toolchains/XcodeDefault.xctoolchain/usr/bin/ld
configure:4411: checking if the linker (/Applications/Xcode.app/Contents/Developer/Toolchains/XcodeDefault.xctoolchain/usr/bin/ld) is GNU ld
configure:4426: result: no
configure:4438: checking for BSD- or MS-compatible name lister (nm)
configure:4492: result: /opt/local/bin/nm -B
configure:4622: checking the name lister (/opt/local/bin/nm -B) interface
configure:4629: gcc -c -g -O2  conftest.c >&5
configure:4632: /opt/local/bin/nm -B "conftest.o"
configure:4635: output
00000000000001d0 S _some_variable
configure:4642: result: BSD nm
configure:4645: checking whether ln -s works
configure:4649: result: yes
configure:4657: checking the maximum length of command line arguments
configure:4788: result: 196608
configure:4836: checking how to convert x86_64-apple-darwin16.7.0 file names to x86_64-apple-darwin16.7.0 format
configure:4876: result: func_convert_file_noop
configure:4883: checking how to convert x86_64-apple-darwin16.7.0 file names to toolchain format
configure:4903: result: func_convert_file_noop
configure:4910: checking for /Applications/Xcode.app/Contents/Developer/Toolchains/XcodeDefault.xctoolchain/usr/bin/ld option to reload object files
configure:4917: result: -r
configure:4991: checking for objdump
configure:5007: found /usr/bin/objdump
configure:5018: result: objdump
configure:5050: checking how to recognize dependent libraries
configure:5250: result: pass_all
configure:5335: checking for dlltool
configure:5365: result: no
configure:5395: checking how to associate runtime and link libraries
configure:5422: result: printf %s\n
configure:5483: checking for ar
configure:5499: found /opt/local/bin/ar
configure:5510: result: ar
configure:5547: checking for archiver @FILE support
configure:5564: gcc -c -g -O2  conftest.c >&5
configure:5564: $? = 0
configure:5567: ar cru libconftest.a @conftest.lst >&5
ar: @conftest.lst: No such file or directory
configure:5570: $? = 1
configure:5590: result: no
configure:5648: checking for strip
configure:5664: found /opt/local/bin/strip
configure:5675: result: strip
configure:5747: checking for ranlib
configure:5763: found /opt/local/bin/ranlib
configure:5774: result: ranlib
configure:5876: checking command to parse /opt/local/bin/nm -B output from gcc object
configure:6029: gcc -c -g -O2  conftest.c >&5
configure:6032: $? = 0
configure:6036: /opt/local/bin/nm -B conftest.o \| sed -n -e 's/^.*[ ]\([BCDEGRST][BCDEGRST]*\)[ ][ ]*\([_A-Za-z][_A-Za-z0-9]*\)$/\1 \2 \2/p' | sed '/ __gnu_lto/d' \> conftest.nm
configure:6039: $? = 0
cannot find nm_test_var in conftest.nm
configure:6029: gcc -c -g -O2  conftest.c >&5
configure:6032: $? = 0
configure:6036: /opt/local/bin/nm -B conftest.o \| sed -n -e 's/^.*[ ]\([BCDEGRST][BCDEGRST]*\)[ ][ ]*_\([_A-Za-z][_A-Za-z0-9]*\)$/\1 _\2 \2/p' | sed '/ __gnu_lto/d' \> conftest.nm
configure:6039: $? = 0
configure:6105: gcc -o conftest -g -O2   conftest.c conftstm.o >&5
warning: (x86_64)  could not find object file symbol for symbol _main
configure:6108: $? = 0
configure:6146: result: ok
configure:6193: checking for sysroot
configure:6223: result: no
configure:6230: checking for a working dd
configure:6268: result: /bin/dd
configure:6272: checking how to truncate binary pipes
configure:6287: result: /bin/dd bs=4096 count=1
configure:6616: checking for mt
configure:6646: result: no
configure:6666: checking if : is a manifest tool
configure:6672: : '-?'
configure:6680: result: no
configure:6736: checking for dsymutil
configure:6752: found /usr/bin/dsymutil
configure:6763: result: dsymutil
configure:6828: checking for nmedit
configure:6844: found /opt/local/bin/nmedit
configure:6855: result: nmedit
configure:6920: checking for lipo
configure:6936: found /opt/local/bin/lipo
configure:6947: result: lipo
configure:7012: checking for otool
configure:7028: found /opt/local/bin/otool
configure:7039: result: otool
configure:7104: checking for otool64
configure:7134: result: no
configure:7179: checking for -single_module linker flag
gcc -g -O2  -o libconftest.dylib -dynamiclib -Wl,-single_module conftest.c
configure:7212: result: yes
configure:7215: checking for -exported_symbols_list linker flag
configure:7235: gcc -o conftest -g -O2   -Wl,-exported_symbols_list,conftest.sym conftest.c  >&5
configure:7235: $? = 0
configure:7245: result: yes
configure:7248: checking for -force_load linker flag
gcc -g -O2 -c -o conftest.o conftest.c
ar cru libconftest.a conftest.o
ranlib libconftest.a
gcc -g -O2  -o conftest conftest.c -Wl,-force_load,./libconftest.a
configure:7280: result: yes
configure:7357: checking how to run the C preprocessor
configure:7388: gcc -E  conftest.c
configure:7388: $? = 0
configure:7402: gcc -E  conftest.c
conftest.c:11:10: fatal error: 'ac_nonexistent.h' file not found
#include <ac_nonexistent.h>
         ^~~~~~~~~~~~~~~~~~
1 error generated.
configure:7402: $? = 1
configure: failed program was:
| /* confdefs.h */
| #define PACKAGE_NAME "libsecp256k1"
| #define PACKAGE_TARNAME "libsecp256k1"
| #define PACKAGE_VERSION "0.1"
| #define PACKAGE_STRING "libsecp256k1 0.1"
| #define PACKAGE_BUGREPORT ""
| #define PACKAGE_URL ""
| #define PACKAGE "libsecp256k1"
| #define VERSION "0.1"
| /* end confdefs.h.  */
| #include <ac_nonexistent.h>
configure:7427: result: gcc -E
configure:7447: gcc -E  conftest.c
configure:7447: $? = 0
configure:7461: gcc -E  conftest.c
conftest.c:11:10: fatal error: 'ac_nonexistent.h' file not found
#include <ac_nonexistent.h>
         ^~~~~~~~~~~~~~~~~~
1 error generated.
configure:7461: $? = 1
configure: failed program was:
| /* confdefs.h */
| #define PACKAGE_NAME "libsecp256k1"
| #define PACKAGE_TARNAME "libsecp256k1"
| #define PACKAGE_VERSION "0.1"
| #define PACKAGE_STRING "libsecp256k1 0.1"
| #define PACKAGE_BUGREPORT ""
| #define PACKAGE_URL ""
| #define PACKAGE "libsecp256k1"
| #define VERSION "0.1"
| /* end confdefs.h.  */
| #include <ac_nonexistent.h>
configure:7490: checking for ANSI C header files
configure:7510: gcc -c -g -O2  conftest.c >&5
configure:7510: $? = 0
configure:7583: gcc -o conftest -g -O2   conftest.c  >&5
configure:7583: $? = 0
configure:7583: ./conftest
configure:7583: $? = 0
configure:7594: result: yes
configure:7607: checking for sys/types.h
configure:7607: gcc -c -g -O2  conftest.c >&5
configure:7607: $? = 0
configure:7607: result: yes
configure:7607: checking for sys/stat.h
configure:7607: gcc -c -g -O2  conftest.c >&5
configure:7607: $? = 0
configure:7607: result: yes
configure:7607: checking for stdlib.h
configure:7607: gcc -c -g -O2  conftest.c >&5
configure:7607: $? = 0
configure:7607: result: yes
configure:7607: checking for string.h
configure:7607: gcc -c -g -O2  conftest.c >&5
configure:7607: $? = 0
configure:7607: result: yes
configure:7607: checking for memory.h
configure:7607: gcc -c -g -O2  conftest.c >&5
configure:7607: $? = 0
configure:7607: result: yes
configure:7607: checking for strings.h
configure:7607: gcc -c -g -O2  conftest.c >&5
configure:7607: $? = 0
configure:7607: result: yes
configure:7607: checking for inttypes.h
configure:7607: gcc -c -g -O2  conftest.c >&5
configure:7607: $? = 0
configure:7607: result: yes
configure:7607: checking for stdint.h
configure:7607: gcc -c -g -O2  conftest.c >&5
configure:7607: $? = 0
configure:7607: result: yes
configure:7607: checking for unistd.h
configure:7607: gcc -c -g -O2  conftest.c >&5
configure:7607: $? = 0
configure:7607: result: yes
configure:7621: checking for dlfcn.h
configure:7621: gcc -c -g -O2  conftest.c >&5
configure:7621: $? = 0
configure:7621: result: yes
configure:7877: checking for objdir
configure:7892: result: .libs
configure:8156: checking if gcc supports -fno-rtti -fno-exceptions
configure:8174: gcc -c -g -O2  -fno-rtti -fno-exceptions conftest.c >&5
configure:8178: $? = 0
configure:8191: result: yes
configure:8549: checking for gcc option to produce PIC
configure:8556: result: -fno-common -DPIC
configure:8564: checking if gcc PIC flag -fno-common -DPIC works
configure:8582: gcc -c -g -O2  -fno-common -DPIC -DPIC conftest.c >&5
configure:8586: $? = 0
configure:8599: result: yes
configure:8628: checking if gcc static flag -static works
configure:8656: result: no
configure:8671: checking if gcc supports -c -o file.o
configure:8692: gcc -c -g -O2  -o out/conftest2.o conftest.c >&5
configure:8696: $? = 0
configure:8718: result: yes
configure:8726: checking if gcc supports -c -o file.o
configure:8773: result: yes
configure:8806: checking whether the gcc linker (/Applications/Xcode.app/Contents/Developer/Toolchains/XcodeDefault.xctoolchain/usr/bin/ld) supports shared libraries
configure:10065: result: yes
configure:10305: checking dynamic linker characteristics
configure:11123: result: darwin16.7.0 dyld
configure:11245: checking how to hardcode library paths into programs
configure:11270: result: immediate
configure:11818: checking whether stripping libraries is possible
configure:11832: result: yes
configure:11858: checking if libtool supports shared libraries
configure:11860: result: yes
configure:11863: checking whether to build shared libraries
configure:11888: result: no
configure:11891: checking whether to build static libraries
configure:11895: result: yes
configure:11944: checking whether make supports nested variables
configure:11961: result: yes
configure:12027: checking for pkg-config
configure:12045: found /opt/local/bin/pkg-config
configure:12057: result: /opt/local/bin/pkg-config
configure:12082: checking pkg-config is at least version 0.9.0
configure:12085: result: yes
configure:12140: checking for ar
configure:12158: found /opt/local/bin/ar
configure:12170: result: /opt/local/bin/ar
configure:12238: checking for ranlib
configure:12256: found /opt/local/bin/ranlib
configure:12268: result: /opt/local/bin/ranlib
configure:12336: checking for strip
configure:12354: found /opt/local/bin/strip
configure:12366: result: /opt/local/bin/strip
configure:12393: checking for gcc option to accept ISO C89
configure:12469: result: none needed
configure:12502: checking for brew
configure:12520: found /usr/local/bin/brew
configure:12532: result: /usr/local/bin/brew
configure:12607: checking if gcc supports -std=c89 -pedantic -Wall -Wextra -Wcast-align -Wnested-externs -Wshadow -Wstrict-prototypes -Wno-unused-function -Wno-long-long -Wno-overlength-strings
configure:12613: gcc -c -g -O2 -W -std=c89 -pedantic -Wall -Wextra -Wcast-align -Wnested-externs -Wshadow -Wstrict-prototypes -Wno-unused-function -Wno-long-long -Wno-overlength-strings  conftest.c >&5
configure:12613: $? = 0
configure:12614: result: yes
configure:12685: checking for __int128
configure:12685: gcc -c -g -O2 -W -std=c89 -pedantic -Wall -Wextra -Wcast-align -Wnested-externs -Wshadow -Wstrict-prototypes -Wno-unused-function -Wno-long-long -Wno-overlength-strings  conftest.c >&5
configure:12685: $? = 0
configure:12685: gcc -c -g -O2 -W -std=c89 -pedantic -Wall -Wextra -Wcast-align -Wnested-externs -Wshadow -Wstrict-prototypes -Wno-unused-function -Wno-long-long -Wno-overlength-strings  conftest.c >&5
conftest.c:59:23: error: expected expression
if (sizeof ((__int128)))
                      ^
1 error generated.
configure:12685: $? = 1
configure: failed program was:
| /* confdefs.h */
| #define PACKAGE_NAME "libsecp256k1"
| #define PACKAGE_TARNAME "libsecp256k1"
| #define PACKAGE_VERSION "0.1"
| #define PACKAGE_STRING "libsecp256k1 0.1"
| #define PACKAGE_BUGREPORT ""
| #define PACKAGE_URL ""
| #define PACKAGE "libsecp256k1"
| #define VERSION "0.1"
| #define STDC_HEADERS 1
| #define HAVE_SYS_TYPES_H 1
| #define HAVE_SYS_STAT_H 1
| #define HAVE_STDLIB_H 1
| #define HAVE_STRING_H 1
| #define HAVE_MEMORY_H 1
| #define HAVE_STRINGS_H 1
| #define HAVE_INTTYPES_H 1
| #define HAVE_STDINT_H 1
| #define HAVE_UNISTD_H 1
| #define HAVE_DLFCN_H 1
| #define LT_OBJDIR ".libs/"
| /* end confdefs.h.  */
| #include <stdio.h>
| #ifdef HAVE_SYS_TYPES_H
| # include <sys/types.h>
| #endif
| #ifdef HAVE_SYS_STAT_H
| # include <sys/stat.h>
| #endif
| #ifdef STDC_HEADERS
| # include <stdlib.h>
| # include <stddef.h>
| #else
| # ifdef HAVE_STDLIB_H
| #  include <stdlib.h>
| # endif
| #endif
| #ifdef HAVE_STRING_H
| # if !defined STDC_HEADERS && defined HAVE_MEMORY_H
| #  include <memory.h>
| # endif
| # include <string.h>
| #endif
| #ifdef HAVE_STRINGS_H
| # include <strings.h>
| #endif
| #ifdef HAVE_INTTYPES_H
| # include <inttypes.h>
| #endif
| #ifdef HAVE_STDINT_H
| # include <stdint.h>
| #endif
| #ifdef HAVE_UNISTD_H
| # include <unistd.h>
| #endif
| int
| main ()
| {
| if (sizeof ((__int128)))
| 	    return 0;
|   ;
|   return 0;
| }
configure:12685: result: yes
configure:12696: checking for __builtin_expect
configure:12702: gcc -c -g -O2 -W -std=c89 -pedantic -Wall -Wextra -Wcast-align -Wnested-externs -Wshadow -Wstrict-prototypes -Wno-unused-function -Wno-long-long -Wno-overlength-strings  conftest.c >&5
conftest.c:24:16: warning: ignoring return value of function declared with const attribute [-Wunused-value]
void myfunc() {__builtin_expect(0,0);}
               ^~~~~~~~~~~~~~~~ ~~~
1 warning generated.
configure:12702: $? = 0
configure:12703: result: yes
configure:12931: checking whether byte ordering is bigendian
configure:12946: gcc -c -g -O2 -W -std=c89 -pedantic -Wall -Wextra -Wcast-align -Wnested-externs -Wshadow -Wstrict-prototypes -Wno-unused-function -Wno-long-long -Wno-overlength-strings  conftest.c >&5
configure:12946: $? = 0
configure:12991: gcc -c -g -O2 -W -std=c89 -pedantic -Wall -Wextra -Wcast-align -Wnested-externs -Wshadow -Wstrict-prototypes -Wno-unused-function -Wno-long-long -Wno-overlength-strings  conftest.c >&5
configure:12991: $? = 0
configure:13009: gcc -c -g -O2 -W -std=c89 -pedantic -Wall -Wextra -Wcast-align -Wnested-externs -Wshadow -Wstrict-prototypes -Wno-unused-function -Wno-long-long -Wno-overlength-strings  conftest.c >&5
conftest.c:37:4: error: use of undeclared identifier 'not'
                 not big endian
                 ^
1 error generated.
configure:13009: $? = 1
configure: failed program was:
| /* confdefs.h */
| #define PACKAGE_NAME "libsecp256k1"
| #define PACKAGE_TARNAME "libsecp256k1"
| #define PACKAGE_VERSION "0.1"
| #define PACKAGE_STRING "libsecp256k1 0.1"
| #define PACKAGE_BUGREPORT ""
| #define PACKAGE_URL ""
| #define PACKAGE "libsecp256k1"
| #define VERSION "0.1"
| #define STDC_HEADERS 1
| #define HAVE_SYS_TYPES_H 1
| #define HAVE_SYS_STAT_H 1
| #define HAVE_STDLIB_H 1
| #define HAVE_STRING_H 1
| #define HAVE_MEMORY_H 1
| #define HAVE_STRINGS_H 1
| #define HAVE_INTTYPES_H 1
| #define HAVE_STDINT_H 1
| #define HAVE_UNISTD_H 1
| #define HAVE_DLFCN_H 1
| #define LT_OBJDIR ".libs/"
| #define HAVE___INT128 1
| #define HAVE_BUILTIN_EXPECT 1
| #define USE_FIELD_10X26 1
| #define USE_NUM_NONE 1
| #define USE_FIELD_INV_BUILTIN 1
| #define USE_SCALAR_INV_BUILTIN 1
| #define USE_SCALAR_8X32 1
| /* end confdefs.h.  */
| #include <sys/types.h>
| 		#include <sys/param.h>
| 
| int
| main ()
| {
| #if BYTE_ORDER != BIG_ENDIAN
| 		 not big endian
| 		#endif
| 
|   ;
|   return 0;
| }
configure:13137: result: no
configure:13156: Using assembly optimizations: no
configure:13158: Using field implementation: 32bit
configure:13160: Using bignum implementation: no
configure:13162: Using scalar implementation: 32bit
configure:13164: Using endomorphism optimizations: no
configure:13305: checking that generated files are newer than configure
configure:13311: result: done
configure:13343: creating ./config.status

## ---------------------- ##
## Running config.status. ##
## ---------------------- ##

This file was extended by libsecp256k1 config.status 0.1, which was
generated by GNU Autoconf 2.69.  Invocation command line was

  CONFIG_FILES    = 
  CONFIG_HEADERS  = 
  CONFIG_LINKS    = 
  CONFIG_COMMANDS = 
  $ ./config.status 

on Macbook.spo.virtua.com.br

config.status:1102: creating Makefile
config.status:1102: creating libsecp256k1.pc
config.status:1102: creating src/libsecp256k1-config.h
config.status:1283: src/libsecp256k1-config.h is unchanged
config.status:1331: executing depfiles commands
config.status:1331: executing libtool commands

## ---------------- ##
## Cache variables. ##
## ---------------- ##

ac_cv_build=x86_64-apple-darwin16.7.0
ac_cv_c_bigendian=no
ac_cv_c_compiler_gnu=yes
ac_cv_env_CC_set=
ac_cv_env_CC_value=
ac_cv_env_CFLAGS_set=
ac_cv_env_CFLAGS_value=
ac_cv_env_CPPFLAGS_set=
ac_cv_env_CPPFLAGS_value=
ac_cv_env_CPP_set=
ac_cv_env_CPP_value=
ac_cv_env_LDFLAGS_set=
ac_cv_env_LDFLAGS_value=
ac_cv_env_LIBS_set=
ac_cv_env_LIBS_value=
ac_cv_env_LT_SYS_LIBRARY_PATH_set=
ac_cv_env_LT_SYS_LIBRARY_PATH_value=
ac_cv_env_PKG_CONFIG_LIBDIR_set=
ac_cv_env_PKG_CONFIG_LIBDIR_value=
ac_cv_env_PKG_CONFIG_PATH_set=
ac_cv_env_PKG_CONFIG_PATH_value=
ac_cv_env_PKG_CONFIG_set=
ac_cv_env_PKG_CONFIG_value=
ac_cv_env_build_alias_set=
ac_cv_env_build_alias_value=
ac_cv_env_host_alias_set=
ac_cv_env_host_alias_value=
ac_cv_env_target_alias_set=
ac_cv_env_target_alias_value=
ac_cv_header_dlfcn_h=yes
ac_cv_header_inttypes_h=yes
ac_cv_header_memory_h=yes
ac_cv_header_stdc=yes
ac_cv_header_stdint_h=yes
ac_cv_header_stdlib_h=yes
ac_cv_header_string_h=yes
ac_cv_header_strings_h=yes
ac_cv_header_sys_stat_h=yes
ac_cv_header_sys_types_h=yes
ac_cv_header_unistd_h=yes
ac_cv_host=x86_64-apple-darwin16.7.0
ac_cv_objext=o
ac_cv_path_BREW=/usr/local/bin/brew
ac_cv_path_EGREP='/usr/bin/grep -E'
ac_cv_path_FGREP='/usr/bin/grep -F'
ac_cv_path_GREP=/usr/bin/grep
ac_cv_path_SED=/opt/local/bin/gsed
ac_cv_path_ac_pt_AR=/opt/local/bin/ar
ac_cv_path_ac_pt_PKG_CONFIG=/opt/local/bin/pkg-config
ac_cv_path_ac_pt_RANLIB=/opt/local/bin/ranlib
ac_cv_path_ac_pt_STRIP=/opt/local/bin/strip
ac_cv_path_install='/opt/local/bin/ginstall -c'
ac_cv_path_lt_DD=/bin/dd
ac_cv_path_mkdir=/opt/local/bin/gmkdir
ac_cv_prog_AWK=awk
ac_cv_prog_CPP='gcc -E'
ac_cv_prog_ac_ct_AR=ar
ac_cv_prog_ac_ct_CC=gcc
ac_cv_prog_ac_ct_DSYMUTIL=dsymutil
ac_cv_prog_ac_ct_LIPO=lipo
ac_cv_prog_ac_ct_NMEDIT=nmedit
ac_cv_prog_ac_ct_OBJDUMP=objdump
ac_cv_prog_ac_ct_OTOOL=otool
ac_cv_prog_ac_ct_RANLIB=ranlib
ac_cv_prog_ac_ct_STRIP=strip
ac_cv_prog_cc_c89=
ac_cv_prog_cc_g=yes
ac_cv_prog_make_make_set=yes
ac_cv_type___int128=yes
am_cv_CC_dependencies_compiler_type=gcc3
am_cv_make_support_nested_variables=yes
am_cv_prog_cc_c_o=yes
lt_cv_apple_cc_single_mod=yes
lt_cv_ar_at_file=no
lt_cv_deplibs_check_method=pass_all
lt_cv_file_magic_cmd='$MAGIC_CMD'
lt_cv_file_magic_test_file=
lt_cv_ld_exported_symbols_list=yes
lt_cv_ld_force_load=yes
lt_cv_ld_reload_flag=-r
lt_cv_nm_interface='BSD nm'
lt_cv_objdir=.libs
lt_cv_path_LD=/Applications/Xcode.app/Contents/Developer/Toolchains/XcodeDefault.xctoolchain/usr/bin/ld
lt_cv_path_NM='/opt/local/bin/nm -B'
lt_cv_path_mainfest_tool=no
lt_cv_prog_compiler_c_o=yes
lt_cv_prog_compiler_pic='-fno-common -DPIC'
lt_cv_prog_compiler_pic_works=yes
lt_cv_prog_compiler_rtti_exceptions=yes
lt_cv_prog_compiler_static_works=no
lt_cv_prog_gnu_ld=no
lt_cv_sharedlib_from_linklib_cmd='printf %s\n'
lt_cv_sys_global_symbol_pipe='sed -n -e '\''s/^.*[	 ]\([BCDEGRST][BCDEGRST]*\)[	 ][	 ]*_\([_A-Za-z][_A-Za-z0-9]*\)$/\1 _\2 \2/p'\'' | sed '\''/ __gnu_lto/d'\'''
lt_cv_sys_global_symbol_to_c_name_address='sed -n -e '\''s/^: \(.*\) .*$/  {"\1", (void *) 0},/p'\'' -e '\''s/^[BCDEGRST][BCDEGRST]* .* \(.*\)$/  {"\1", (void *) \&\1},/p'\'''
lt_cv_sys_global_symbol_to_c_name_address_lib_prefix='sed -n -e '\''s/^: \(.*\) .*$/  {"\1", (void *) 0},/p'\'' -e '\''s/^[BCDEGRST][BCDEGRST]* .* \(lib.*\)$/  {"\1", (void *) \&\1},/p'\'' -e '\''s/^[BCDEGRST][BCDEGRST]* .* \(.*\)$/  {"lib\1", (void *) \&\1},/p'\'''
lt_cv_sys_global_symbol_to_cdecl='sed -n -e '\''s/^T .* \(.*\)$/extern int \1();/p'\'' -e '\''s/^[BCDEGRST][BCDEGRST]* .* \(.*\)$/extern char \1;/p'\'''
lt_cv_sys_global_symbol_to_import=
lt_cv_sys_max_cmd_len=196608
lt_cv_to_host_file_cmd=func_convert_file_noop
lt_cv_to_tool_file_cmd=func_convert_file_noop
lt_cv_truncate_bin='/bin/dd bs=4096 count=1'

## ----------------- ##
## Output variables. ##
## ----------------- ##

ACLOCAL='${SHELL} /YiCoinCode/yicoin/src/secp256k1/build-aux/missing aclocal-1.15'
AMDEPBACKSLASH='\'
AMDEP_FALSE='#'
AMDEP_TRUE=''
AMTAR='$${TAR-tar}'
AM_BACKSLASH='\'
AM_DEFAULT_V='$(AM_DEFAULT_VERBOSITY)'
AM_DEFAULT_VERBOSITY='0'
AM_V='$(V)'
AR='/opt/local/bin/ar'
AUTOCONF='${SHELL} /YiCoinCode/yicoin/src/secp256k1/build-aux/missing autoconf'
AUTOHEADER='${SHELL} /YiCoinCode/yicoin/src/secp256k1/build-aux/missing autoheader'
AUTOMAKE='${SHELL} /YiCoinCode/yicoin/src/secp256k1/build-aux/missing automake-1.15'
AWK='awk'
BREW='/usr/local/bin/brew'
CC='gcc'
CCDEPMODE='depmode=gcc3'
CFLAGS='-g -O2 -W -std=c89 -pedantic -Wall -Wextra -Wcast-align -Wnested-externs -Wshadow -Wstrict-prototypes -Wno-unused-function -Wno-long-long -Wno-overlength-strings'
CPP='gcc -E'
CPPFLAGS=''
CYGPATH_W='echo'
DEFS='-DHAVE_CONFIG_H'
DEPDIR='.deps'
DLLTOOL='false'
DSYMUTIL='dsymutil'
DUMPBIN=''
ECHO_C='\c'
ECHO_N=''
ECHO_T=''
EGREP='/usr/bin/grep -E'
EXEEXT=''
FGREP='/usr/bin/grep -F'
GREP='/usr/bin/grep'
INSTALL_DATA='${INSTALL} -m 644'
INSTALL_PROGRAM='${INSTALL}'
INSTALL_SCRIPT='${INSTALL}'
INSTALL_STRIP_PROGRAM='$(install_sh) -c -s'
LD='/Applications/Xcode.app/Contents/Developer/Toolchains/XcodeDefault.xctoolchain/usr/bin/ld'
LDFLAGS=''
LIBOBJS=''
LIBS=''
LIBTOOL='$(SHELL) $(top_builddir)/libtool'
LIPO='lipo'
LN_S='ln -s'
LTLIBOBJS=''
LT_SYS_LIBRARY_PATH=''
MAKEINFO='${SHELL} /YiCoinCode/yicoin/src/secp256k1/build-aux/missing makeinfo'
MANIFEST_TOOL=':'
MKDIR_P='/opt/local/bin/gmkdir -p'
NM='/opt/local/bin/nm -B'
NMEDIT='nmedit'
OBJDUMP='objdump'
OBJEXT='o'
OTOOL64=':'
OTOOL='otool'
PACKAGE='libsecp256k1'
PACKAGE_BUGREPORT=''
PACKAGE_NAME='libsecp256k1'
PACKAGE_STRING='libsecp256k1 0.1'
PACKAGE_TARNAME='libsecp256k1'
PACKAGE_URL=''
PACKAGE_VERSION='0.1'
PATH_SEPARATOR=':'
PKG_CONFIG='/opt/local/bin/pkg-config'
PKG_CONFIG_LIBDIR=''
PKG_CONFIG_PATH='/usr/local/opt/openssl/lib/pkgconfig:'
PORT=''
RANLIB='/opt/local/bin/ranlib'
SECP_INCLUDES=''
SECP_LIBS=''
SECP_TEST_INCLUDES=''
SECP_TEST_LIBS=''
SED='/opt/local/bin/gsed'
SET_MAKE=''
SHELL='/bin/sh'
STRIP='/opt/local/bin/strip'
USE_BENCHMARK_FALSE=''
USE_BENCHMARK_TRUE='#'
USE_TESTS_FALSE='#'
USE_TESTS_TRUE=''
VERSION='0.1'
ac_ct_AR='ar'
ac_ct_CC='gcc'
ac_ct_DUMPBIN=''
am__EXEEXT_FALSE=''
am__EXEEXT_TRUE='#'
am__fastdepCC_FALSE='#'
am__fastdepCC_TRUE=''
am__include='include'
am__isrc=''
am__leading_dot='.'
am__nodep='_no'
am__quote=''
am__tar='$${TAR-tar} chof - "$$tardir"'
am__untar='$${TAR-tar} xf -'
bindir='${exec_prefix}/bin'
build='x86_64-apple-darwin16.7.0'
build_alias=''
build_cpu='x86_64'
build_os='darwin16.7.0'
build_vendor='apple'
datadir='${datarootdir}'
datarootdir='${prefix}/share'
docdir='${datarootdir}/doc/${PACKAGE_TARNAME}'
dvidir='${docdir}'
exec_prefix='${prefix}'
host='x86_64-apple-darwin16.7.0'
host_alias=''
host_cpu='x86_64'
host_os='darwin16.7.0'
host_vendor='apple'
htmldir='${docdir}'
includedir='${prefix}/include'
infodir='${datarootdir}/info'
install_sh='${SHELL} /YiCoinCode/yicoin/src/secp256k1/build-aux/install-sh'
libdir='${exec_prefix}/lib'
libexecdir='${exec_prefix}/libexec'
localedir='${datarootdir}/locale'
localstatedir='${prefix}/var'
mandir='${datarootdir}/man'
mkdir_p='$(MKDIR_P)'
oldincludedir='/usr/include'
pdfdir='${docdir}'
prefix='/usr/local'
program_transform_name='s,x,x,'
psdir='${docdir}'
sbindir='${exec_prefix}/sbin'
sharedstatedir='${prefix}/com'
sysconfdir='${prefix}/etc'
target_alias=''

## ----------- ##
## confdefs.h. ##
## ----------- ##

/* confdefs.h */
#define PACKAGE_NAME "libsecp256k1"
#define PACKAGE_TARNAME "libsecp256k1"
#define PACKAGE_VERSION "0.1"
#define PACKAGE_STRING "libsecp256k1 0.1"
#define PACKAGE_BUGREPORT ""
#define PACKAGE_URL ""
#define PACKAGE "libsecp256k1"
#define VERSION "0.1"
#define STDC_HEADERS 1
#define HAVE_SYS_TYPES_H 1
#define HAVE_SYS_STAT_H 1
#define HAVE_STDLIB_H 1
#define HAVE_STRING_H 1
#define HAVE_MEMORY_H 1
#define HAVE_STRINGS_H 1
#define HAVE_INTTYPES_H 1
#define HAVE_STDINT_H 1
#define HAVE_UNISTD_H 1
#define HAVE_DLFCN_H 1
#define LT_OBJDIR ".libs/"
#define HAVE___INT128 1
#define HAVE_BUILTIN_EXPECT 1
#define USE_FIELD_10X26 1
#define USE_NUM_NONE 1
#define USE_FIELD_INV_BUILTIN 1
#define USE_SCALAR_INV_BUILTIN 1
#define USE_SCALAR_8X32 1

configure: exit 0
